This is pdfTeX, Version 3.14159265-2.6-1.40.21 (MiKTeX 20.6.29) (preloaded format=pdflatex 2020.10.10)  18 NOV 2020 12:43
entering extended mode
**"f:/UPT/VII CICLO/BASE DE DATOS II/I UNIDAD/PROYECTO/ProyectoFinalUnidad1/Proyecto.tex"
("f:/UPT/VII CICLO/BASE DE DATOS II/I UNIDAD/PROYECTO/ProyectoFinalUnidad1/Proyecto.tex"
LaTeX2e <2020-02-02> patch level 5
L3 programming layer <2020-06-18> ("D:\Program Files\MiKTeX\tex/latex/base\article.cls"
Document Class: article 2019/12/20 v1.4l Standard LaTeX document class
("D:\Program Files\MiKTeX\tex/latex/base\size12.clo"
File: size12.clo 2019/12/20 v1.4l Standard LaTeX file (size option)
)
\c@part=\count167
\c@section=\count168
\c@subsection=\count169
\c@subsubsection=\count170
\c@paragraph=\count171
\c@subparagraph=\count172
\c@figure=\count173
\c@table=\count174
\abovecaptionskip=\skip47
\belowcaptionskip=\skip48
\bibindent=\dimen134
) ("D:\Program Files\MiKTeX\tex/latex/base\inputenc.sty"
Package: inputenc 2018/08/11 v1.3c Input encoding file
\inpenc@prehook=\toks15
\inpenc@posthook=\toks16
) ("D:\Program Files\MiKTeX\tex/generic/babel\babel.sty"
Package: babel 2020/06/10 3.45 The Babel package
 ("D:\Program Files\MiKTeX\tex/generic/babel\babel.def"
File: babel.def 2020/06/10 3.45 Babel common definitions
\babel@savecnt=\count175
\U@D=\dimen135
\l@babelnohyphens=\language79
 ("D:\Program Files\MiKTeX\tex/generic/babel\txtbabel.def")
\bbl@readstream=\read2
)
\bbl@dirlevel=\count176

*************************************
* Local config file bblopts.cfg used
*
("D:\Program Files\MiKTeX\tex/latex/arabi\bblopts.cfg"
File: bblopts.cfg 2005/09/08 v0.1 add Arabic and Farsi to "declared" options of babel
) ("D:\Program Files\MiKTeX\tex/latex/babel-spanish\spanish.ldf"
Language: spanish.ldf 2016/03/03 v5.0p Spanish support from the babel system
\es@quottoks=\toks17
\es@quotdepth=\count177
Package babel Info: Making " an active character on input line 561.
Package babel Info: Making . an active character on input line 662.
Package babel Info: Making < an active character on input line 707.
Package babel Info: Making > an active character on input line 707.
)) ("D:\Program Files\MiKTeX\tex/latex/graphics\graphicx.sty"
Package: graphicx 2019/11/30 v1.2a Enhanced LaTeX Graphics (DPC,SPQR)
 ("D:\Program Files\MiKTeX\tex/latex/graphics\keyval.sty"
Package: keyval 2014/10/28 v1.15 key=value parser (DPC)
\KV@toks@=\toks18
) ("D:\Program Files\MiKTeX\tex/latex/graphics\graphics.sty"
Package: graphics 2019/11/30 v1.4a Standard LaTeX Graphics (DPC,SPQR)
 ("D:\Program Files\MiKTeX\tex/latex/graphics\trig.sty"
Package: trig 2016/01/03 v1.10 sin cos tan (DPC)
) ("D:\Program Files\MiKTeX\tex/latex/graphics-cfg\graphics.cfg"
File: graphics.cfg 2016/06/04 v1.11 sample graphics configuration
)
Package graphics Info: Driver file: pdftex.def on input line 105.
 ("D:\Program Files\MiKTeX\tex/latex/graphics-def\pdftex.def"
File: pdftex.def 2018/01/08 v1.0l Graphics/color driver for pdftex
))
\Gin@req@height=\dimen136
\Gin@req@width=\dimen137
) ("D:\Program Files\MiKTeX\tex/latex/geometry\geometry.sty"
Package: geometry 2020/01/02 v5.9 Page Geometry
 ("D:\Program Files\MiKTeX\tex/generic/iftex\ifvtex.sty"
Package: ifvtex 2019/10/25 v1.7 ifvtex legacy package. Use iftex instead.
 ("D:\Program Files\MiKTeX\tex/generic/iftex\iftex.sty"
Package: iftex 2020/03/06 v1.0d TeX engine tests
))
\Gm@cnth=\count178
\Gm@cntv=\count179
\c@Gm@tempcnt=\count180
\Gm@bindingoffset=\dimen138
\Gm@wd@mp=\dimen139
\Gm@odd@mp=\dimen140
\Gm@even@mp=\dimen141
\Gm@layoutwidth=\dimen142
\Gm@layoutheight=\dimen143
\Gm@layouthoffset=\dimen144
\Gm@layoutvoffset=\dimen145
\Gm@dimlist=\toks19
 ("D:\Program Files\MiKTeX\tex/latex/geometry\geometry.cfg")) ("D:\Program Files\MiKTeX\tex/latex/float\float.sty"
Package: float 2001/11/08 v1.3d Float enhancements (AL)
\c@float@type=\count181
\float@exts=\toks20
\float@box=\box45
\@float@everytoks=\toks21
\@floatcapt=\box46
) ("D:\Program Files\MiKTeX\tex/latex/amsmath\amsmath.sty"
Package: amsmath 2020/01/20 v2.17e AMS math features
\@mathmargin=\skip49

For additional information on amsmath, use the `?' option.
("D:\Program Files\MiKTeX\tex/latex/amsmath\amstext.sty"
Package: amstext 2000/06/29 v2.01 AMS text
 ("D:\Program Files\MiKTeX\tex/latex/amsmath\amsgen.sty"
File: amsgen.sty 1999/11/30 v2.0 generic functions
\@emptytoks=\toks22
\ex@=\dimen146
)) ("D:\Program Files\MiKTeX\tex/latex/amsmath\amsbsy.sty"
Package: amsbsy 1999/11/29 v1.2d Bold Symbols
\pmbraise@=\dimen147
) ("D:\Program Files\MiKTeX\tex/latex/amsmath\amsopn.sty"
Package: amsopn 2016/03/08 v2.02 operator names
)
\inf@bad=\count182
LaTeX Info: Redefining \frac on input line 227.
\uproot@=\count183
\leftroot@=\count184
LaTeX Info: Redefining \overline on input line 389.
\classnum@=\count185
\DOTSCASE@=\count186
LaTeX Info: Redefining \ldots on input line 486.
LaTeX Info: Redefining \dots on input line 489.
LaTeX Info: Redefining \cdots on input line 610.
\Mathstrutbox@=\box47
\strutbox@=\box48
\big@size=\dimen148
LaTeX Font Info:    Redeclaring font encoding OML on input line 733.
LaTeX Font Info:    Redeclaring font encoding OMS on input line 734.
\macc@depth=\count187
\c@MaxMatrixCols=\count188
\dotsspace@=\muskip16
\c@parentequation=\count189
\dspbrk@lvl=\count190
\tag@help=\toks23
\row@=\count191
\column@=\count192
\maxfields@=\count193
\andhelp@=\toks24
\eqnshift@=\dimen149
\alignsep@=\dimen150
\tagshift@=\dimen151
\tagwidth@=\dimen152
\totwidth@=\dimen153
\lineht@=\dimen154
\@envbody=\toks25
\multlinegap=\skip50
\multlinetaggap=\skip51
\mathdisplay@stack=\toks26
LaTeX Info: Redefining \[ on input line 2859.
LaTeX Info: Redefining \] on input line 2860.
) ("D:\Program Files\MiKTeX\tex/latex/tools\array.sty"
Package: array 2019/08/31 v2.4l Tabular extension package (FMi)
\col@sep=\dimen155
\ar@mcellbox=\box49
\extrarowheight=\dimen156
\NC@list=\toks27
\extratabsurround=\skip52
\backup@length=\skip53
\ar@cellbox=\box50
) ("D:\Program Files\MiKTeX\tex/latex/oberdiek\stackrel.sty"
Package: stackrel 2016/05/16 v1.3 Adding subscript option to stackrel (HO)
 ("D:\Program Files\MiKTeX\tex/generic/etexcmds\etexcmds.sty"
Package: etexcmds 2019/12/15 v1.7 Avoid name clashes with e-TeX commands (HO)
 ("D:\Program Files\MiKTeX\tex/generic/infwarerr\infwarerr.sty"
Package: infwarerr 2019/12/03 v1.5 Providing info/warning/error messages (HO)
)) ("D:\Program Files\MiKTeX\tex/generic/pdftexcmds\pdftexcmds.sty"
Package: pdftexcmds 2020-06-27 v0.33 Utility functions of pdfTeX for LuaTeX (HO)
 ("D:\Program Files\MiKTeX\tex/generic/ltxcmds\ltxcmds.sty"
Package: ltxcmds 2020-05-10 v1.25 LaTeX kernel commands for general use (HO)
)
Package pdftexcmds Info: \pdf@primitive is available.
Package pdftexcmds Info: \pdf@ifprimitive is available.
Package pdftexcmds Info: \pdfdraftmode found.
)) ("D:\Program Files\MiKTeX\tex/latex/multirow\multirow.sty"
Package: multirow 2019/05/31 v2.5 Span multiple rows of a table
\multirow@colwidth=\skip54
\multirow@cntb=\count194
\multirow@dima=\skip55
\bigstrutjot=\dimen157
) ("D:\Program Files\MiKTeX\tex/latex/tools\enumerate.sty"
Package: enumerate 2015/07/23 v3.00 enumerate extensions (DPC)
\@enLab=\toks28
) ("D:\Program Files\MiKTeX\tex/latex/l3backend\l3backend-pdfmode.def"
File: l3backend-pdfmode.def 2020-06-29 L3 backend support: PDF mode
\l__kernel_color_stack_int=\count195
\l__pdf_internal_box=\box51
) ("f:/UPT\VII CICLO\BASE DE DATOS II\I UNIDAD\PROYECTO\ProyectoFinalUnidad1\build\Proyecto.aux"
LaTeX Info: Redefining \. on input line 8.
LaTeX Info: Redefining \% on input line 8.
 ("f:/UPT\VII CICLO\BASE DE DATOS II\I UNIDAD\PROYECTO\ProyectoFinalUnidad1\build\Secciones/articulo.aux"))
\openout1 = `Proyecto.aux'.

LaTeX Font Info:    Checking defaults for OML/cmm/m/it on input line 20.
LaTeX Font Info:    ... okay on input line 20.
LaTeX Font Info:    Checking defaults for OMS/cmsy/m/n on input line 20.
LaTeX Font Info:    ... okay on input line 20.
LaTeX Font Info:    Checking defaults for OT1/cmr/m/n on input line 20.
LaTeX Font Info:    ... okay on input line 20.
LaTeX Font Info:    Checking defaults for T1/cmr/m/n on input line 20.
LaTeX Font Info:    ... okay on input line 20.
LaTeX Font Info:    Checking defaults for TS1/cmr/m/n on input line 20.
LaTeX Font Info:    ... okay on input line 20.
LaTeX Font Info:    Checking defaults for OMX/cmex/m/n on input line 20.
LaTeX Font Info:    ... okay on input line 20.
LaTeX Font Info:    Checking defaults for U/cmr/m/n on input line 20.
LaTeX Font Info:    ... okay on input line 20.
LaTeX Info: Redefining \. on input line 20.
LaTeX Info: Redefining \% on input line 20.
 ("D:\Program Files\MiKTeX\tex/context/base/mkii\supp-pdf.mkii"
[Loading MPS to PDF converter (version 2006.09.02).]
\scratchcounter=\count196
\scratchdimen=\dimen158
\scratchbox=\box52
\nofMPsegments=\count197
\nofMParguments=\count198
\everyMPshowfont=\toks29
\MPscratchCnt=\count199
\MPscratchDim=\dimen159
\MPnumerator=\count266
\makeMPintoPDFobject=\count267
\everyMPtoPDFconversion=\toks30
) ("D:\Program Files\MiKTeX\tex/latex/epstopdf-pkg\epstopdf-base.sty"
Package: epstopdf-base 2020-01-24 v2.11 Base part for package epstopdf
Package epstopdf-base Info: Redefining graphics rule for `.eps' on input line 485.
)
*geometry* driver: auto-detecting
*geometry* detected driver: pdftex
*geometry* verbose mode - [ preamble ] result:
* driver: pdftex
* paper: letterpaper
* layout: <same size as paper>
* layoutoffset:(h,v)=(0.0pt,0.0pt)
* modes: 
* h-part:(L,W,R)=(56.9055pt, 500.484pt, 56.9055pt)
* v-part:(T,H,B)=(56.9055pt, 681.15898pt, 56.9055pt)
* \paperwidth=614.295pt
* \paperheight=794.96999pt
* \textwidth=500.484pt
* \textheight=681.15898pt
* \oddsidemargin=-15.36449pt
* \evensidemargin=-15.36449pt
* \topmargin=-52.36449pt
* \headheight=12.0pt
* \headsep=25.0pt
* \topskip=12.0pt
* \footskip=30.0pt
* \marginparwidth=44.0pt
* \marginparsep=10.0pt
* \columnsep=10.0pt
* \skip\footins=10.8pt plus 4.0pt minus 2.0pt
* \hoffset=0.0pt
* \voffset=0.0pt
* \mag=1000
* \@twocolumnfalse
* \@twosidefalse
* \@mparswitchfalse
* \@reversemarginfalse
* (1in=72.27pt=25.4mm, 1cm=28.453pt)

<./img/logo.png, id=1, 70.6275pt x 95.265pt>
File: ./img/logo.png Graphic file (type png)
<use ./img/logo.png>
Package pdftex.def Info: ./img/logo.png  used on input line 38.
(pdftex.def)             Requested size: 99.58464pt x 134.32655pt.
[1

{C:/Users/chamo/AppData/Local/MiKTeX/pdftex/config/pdftex.map} <./img/logo.png>]
\openout2 = `Secciones/articulo.aux'.


No file Secciones/articulo.tex.
("f:/UPT\VII CICLO\BASE DE DATOS II\I UNIDAD\PROYECTO\ProyectoFinalUnidad1\build\Proyecto.toc"
LaTeX Info: Redefining \. on input line 1.
LaTeX Info: Redefining \% on input line 1.
)
\tf@toc=\write3
\openout3 = `Proyecto.toc'.

 [1


]
Underfull \hbox (badness 10000) in paragraph at lines 125--131

 []


Underfull \hbox (badness 10000) in paragraph at lines 132--138

 []

[2] [3]
Underfull \hbox (badness 10000) in paragraph at lines 185--188

 []

[4]
Underfull \hbox (badness 10000) in paragraph at lines 190--193

 []


Underfull \hbox (badness 10000) in paragraph at lines 195--197

 []

[5]
Underfull \hbox (badness 10000) in paragraph at lines 199--202

 []


Underfull \hbox (badness 10000) in paragraph at lines 204--206

 []


Underfull \hbox (badness 10000) in paragraph at lines 208--209

 []


Underfull \hbox (badness 10000) in paragraph at lines 210--213

 []


Underfull \hbox (badness 10000) in paragraph at lines 214--217

 []


Underfull \hbox (badness 10000) in paragraph at lines 219--235

 []


Underfull \hbox (badness 10000) in paragraph at lines 219--235

 []


Underfull \hbox (badness 10000) in paragraph at lines 219--235

 []


Underfull \hbox (badness 10000) in paragraph at lines 219--235

 []

[6]
Underfull \hbox (badness 10000) in paragraph at lines 236--262

 []


Underfull \hbox (badness 10000) in paragraph at lines 236--262

 []


Underfull \hbox (badness 10000) in paragraph at lines 236--262

 []


Underfull \hbox (badness 10000) in paragraph at lines 236--262

 []


Underfull \hbox (badness 10000) in paragraph at lines 236--262

 []

[7]
Underfull \hbox (badness 10000) in paragraph at lines 265--278

 []


Underfull \hbox (badness 10000) in paragraph at lines 265--278

 []


Underfull \hbox (badness 10000) in paragraph at lines 265--278

 []


Underfull \hbox (badness 10000) in paragraph at lines 265--278

 []

[8]
Underfull \hbox (badness 10000) in paragraph at lines 279--293

 []


Underfull \hbox (badness 10000) in paragraph at lines 279--293

 []


Underfull \hbox (badness 10000) in paragraph at lines 279--293

 []


Underfull \hbox (badness 10000) in paragraph at lines 279--293

 []


Underfull \hbox (badness 10000) in paragraph at lines 302--324

 []


Underfull \hbox (badness 10000) in paragraph at lines 302--324

 []


Underfull \hbox (badness 10000) in paragraph at lines 302--324

 []


Underfull \hbox (badness 10000) in paragraph at lines 302--324

 []


Underfull \hbox (badness 10000) in paragraph at lines 302--324

 []


Underfull \hbox (badness 10000) in paragraph at lines 302--324

 []


Underfull \hbox (badness 10000) in paragraph at lines 302--324

 []

[9]
<./img/image1.png, id=42, 1033.61156pt x 293.59688pt>
File: ./img/image1.png Graphic file (type png)
<use ./img/image1.png>
Package pdftex.def Info: ./img/image1.png  used on input line 325.
(pdftex.def)             Requested size: 426.79134pt x 121.23116pt.

Underfull \hbox (badness 10000) in paragraph at lines 328--331

 []


Underfull \hbox (badness 10000) in paragraph at lines 328--331

 []


Underfull \hbox (badness 10000) in paragraph at lines 333--337

 []


Underfull \hbox (badness 10000) in paragraph at lines 341--345

 []


Underfull \hbox (badness 10000) in paragraph at lines 341--345

 []

[10 <./img/image1.png>]
Underfull \hbox (badness 10000) in paragraph at lines 351--369

 []


Underfull \hbox (badness 10000) in paragraph at lines 351--369

 []


Underfull \hbox (badness 10000) in paragraph at lines 351--369

 []


Underfull \hbox (badness 10000) in paragraph at lines 351--369

 []

[11]
Underfull \hbox (badness 10000) in paragraph at lines 379--383

 []

<./img/image2.jpg, id=50, 963.6pt x 489.32813pt>
File: ./img/image2.jpg Graphic file (type jpg)
<use ./img/image2.jpg>
Package pdftex.def Info: ./img/image2.jpg  used on input line 384.
(pdftex.def)             Requested size: 426.79134pt x 216.72368pt.
<./img/image3.jpg, id=51, 168.63pt x 53.44969pt>
File: ./img/image3.jpg Graphic file (type jpg)
<use ./img/image3.jpg>
Package pdftex.def Info: ./img/image3.jpg  used on input line 387.
(pdftex.def)             Requested size: 284.52756pt x 90.18712pt.

Underfull \hbox (badness 10000) in paragraph at lines 390--394

 []

[12 <./img/image2.jpg> <./img/image3.jpg>]
<./img/image4.png, id=57, 539.76656pt x 310.91156pt>
File: ./img/image4.png Graphic file (type png)
<use ./img/image4.png>
Package pdftex.def Info: ./img/image4.png  used on input line 395.
(pdftex.def)             Requested size: 426.79134pt x 245.8404pt.

Underfull \hbox (badness 10000) in paragraph at lines 397--399

 []

<./img/image5.jpg, id=58, 963.6pt x 488.57532pt>
File: ./img/image5.jpg Graphic file (type jpg)
<use ./img/image5.jpg>
Package pdftex.def Info: ./img/image5.jpg  used on input line 400.
(pdftex.def)             Requested size: 426.79134pt x 216.39026pt.

Underfull \hbox (badness 10000) in paragraph at lines 402--404

 []

<./img/image6.jpg, id=59, 963.6pt x 430.60875pt>
File: ./img/image6.jpg Graphic file (type jpg)
<use ./img/image6.jpg>
Package pdftex.def Info: ./img/image6.jpg  used on input line 405.
(pdftex.def)             Requested size: 426.79134pt x 190.71683pt.
[13 <./img/image4.png> <./img/image5.jpg>]
Underfull \hbox (badness 10000) in paragraph at lines 407--409

 []

<./img/image7.jpg, id=64, 963.6pt x 408.02437pt>
File: ./img/image7.jpg Graphic file (type jpg)
<use ./img/image7.jpg>
Package pdftex.def Info: ./img/image7.jpg  used on input line 410.
(pdftex.def)             Requested size: 426.79134pt x 180.7142pt.
<./img/image8.jpg, id=65, 173.14688pt x 63.98906pt>
File: ./img/image8.jpg Graphic file (type jpg)
<use ./img/image8.jpg>
Package pdftex.def Info: ./img/image8.jpg  used on input line 413.
(pdftex.def)             Requested size: 284.52756pt x 105.16435pt.

Underfull \hbox (badness 10000) in paragraph at lines 417--422

 []

<./img/image9.jpg, id=66, 344.78813pt x 204.01219pt>
File: ./img/image9.jpg Graphic file (type jpg)
<use ./img/image9.jpg>
Package pdftex.def Info: ./img/image9.jpg  used on input line 423.
(pdftex.def)             Requested size: 284.52756pt x 168.35571pt.
[14 <./img/image6.jpg> <./img/image7.jpg> <./img/image8.jpg>]
Underfull \hbox (badness 10000) in paragraph at lines 426--432

 []

<./img/image10.jpg, id=70, 557.83406pt x 156.585pt>
File: ./img/image10.jpg Graphic file (type jpg)
<use ./img/image10.jpg>
Package pdftex.def Info: ./img/image10.jpg  used on input line 433.
(pdftex.def)             Requested size: 284.52756pt x 79.86923pt.

Underfull \hbox (badness 10000) in paragraph at lines 436--440

 []

<./img/image11.jpg, id=71, 549.55313pt x 222.8325pt>
File: ./img/image11.jpg Graphic file (type jpg)
<use ./img/image11.jpg>
Package pdftex.def Info: ./img/image11.jpg  used on input line 441.
(pdftex.def)             Requested size: 284.52756pt x 115.37373pt.

Underfull \hbox (badness 10000) in paragraph at lines 444--448

 []

<./img/image12.jpg, id=72, 554.82281pt x 575.14874pt>
File: ./img/image12.jpg Graphic file (type jpg)
<use ./img/image12.jpg>
Package pdftex.def Info: ./img/image12.jpg  used on input line 449.
(pdftex.def)             Requested size: 284.52756pt x 294.95432pt.
[15 <./img/image9.jpg> <./img/image10.jpg> <./img/image11.jpg>]
Underfull \hbox (badness 10000) in paragraph at lines 452--456

 []

<./img/image13.jpg, id=76, 925.20656pt x 772.38562pt>
File: ./img/image13.jpg Graphic file (type jpg)
<use ./img/image13.jpg>
Package pdftex.def Info: ./img/image13.jpg  used on input line 457.
(pdftex.def)             Requested size: 284.52756pt x 237.52779pt.

Underfull \hbox (badness 10000) in paragraph at lines 460--464

 []

[16 <./img/image12.jpg> <./img/image13.jpg>]
<./img/image14.jpg, id=80, 668.4975pt x 623.32875pt>
File: ./img/image14.jpg Graphic file (type jpg)
<use ./img/image14.jpg>
Package pdftex.def Info: ./img/image14.jpg  used on input line 465.
(pdftex.def)             Requested size: 284.52756pt x 265.30592pt.
<./img/image15.jpg, id=81, 775.39688pt x 579.66562pt>
File: ./img/image15.jpg Graphic file (type jpg)
<use ./img/image15.jpg>
Package pdftex.def Info: ./img/image15.jpg  used on input line 468.
(pdftex.def)             Requested size: 284.52756pt x 212.70392pt.
<./img/image16.png, id=82, 769.37437pt x 341.02406pt>
File: ./img/image16.png Graphic file (type png)
<use ./img/image16.png>
Package pdftex.def Info: ./img/image16.png  used on input line 474.
(pdftex.def)             Requested size: 426.79134pt x 189.17693pt.
 [17 <./img/image14.jpg> <./img/image15.jpg>]
<./img/image17.jpg, id=86, 925.20656pt x 772.38562pt>
File: ./img/image17.jpg Graphic file (type jpg)
<use ./img/image17.jpg>
Package pdftex.def Info: ./img/image17.jpg  used on input line 478.
(pdftex.def)             Requested size: 426.79134pt x 356.29169pt.

Overfull \hbox (5.24727pt too wide) in paragraph at lines 491--491
 []|\OT1/cmr/bx/n/12 TAMA[]NO| 
 []


Overfull \hbox (10.83896pt too wide) in paragraph at lines 491--491
 \OT1/cmr/bx/n/12 IDEN- 
 []


Overfull \hbox (5.88472pt too wide) in paragraph at lines 491--491
 \OT1/cmr/bx/n/12 TITY| 
 []


Overfull \hbox (3.76735pt too wide) in paragraph at lines 497--497
 []|\OT1/cmr/m/n/12 PrecioUnitario| 
 []


Underfull \hbox (badness 10000) in paragraph at lines 486--502

 []


Overfull \hbox (29.56pt too wide) in paragraph at lines 486--502
[] 
 []


Overfull \hbox (5.24727pt too wide) in paragraph at lines 511--511
 []|\OT1/cmr/bx/n/12 TAMA[]NO| 
 []


Overfull \hbox (10.83896pt too wide) in paragraph at lines 511--511
 \OT1/cmr/bx/n/12 IDEN- 
 []


Overfull \hbox (5.88472pt too wide) in paragraph at lines 511--511
 \OT1/cmr/bx/n/12 TITY| 
 []


Underfull \hbox (badness 10000) in paragraph at lines 506--518

 []


Overfull \hbox (29.56pt too wide) in paragraph at lines 506--518
[] 
 []


Overfull \hbox (5.24727pt too wide) in paragraph at lines 527--527
 []|\OT1/cmr/bx/n/12 TAMA[]NO| 
 []


Overfull \hbox (10.83896pt too wide) in paragraph at lines 527--527
 \OT1/cmr/bx/n/12 IDEN- 
 []


Overfull \hbox (5.88472pt too wide) in paragraph at lines 527--527
 \OT1/cmr/bx/n/12 TITY| 
 []


Underfull \hbox (badness 10000) in paragraph at lines 522--531

 []


Overfull \hbox (29.56pt too wide) in paragraph at lines 522--531
[] 
 []


Overfull \hbox (5.24727pt too wide) in paragraph at lines 540--540
 []|\OT1/cmr/bx/n/12 TAMA[]NO| 
 []


Overfull \hbox (10.83896pt too wide) in paragraph at lines 540--540
 \OT1/cmr/bx/n/12 IDEN- 
 []


Overfull \hbox (5.88472pt too wide) in paragraph at lines 540--540
 \OT1/cmr/bx/n/12 TITY| 
 []


Underfull \hbox (badness 10000) in paragraph at lines 535--544

 []


Overfull \hbox (29.56pt too wide) in paragraph at lines 535--544
[] 
 []


Overfull \hbox (5.24727pt too wide) in paragraph at lines 553--553
 []|\OT1/cmr/bx/n/12 TAMA[]NO| 
 []


Overfull \hbox (10.83896pt too wide) in paragraph at lines 553--553
 \OT1/cmr/bx/n/12 IDEN- 
 []


Overfull \hbox (5.88472pt too wide) in paragraph at lines 553--553
 \OT1/cmr/bx/n/12 TITY| 
 []


Underfull \hbox (badness 10000) in paragraph at lines 548--561

 []


Overfull \hbox (29.56pt too wide) in paragraph at lines 548--561
[] 
 []


Overfull \hbox (5.24727pt too wide) in paragraph at lines 570--570
 []|\OT1/cmr/bx/n/12 TAMA[]NO| 
 []


Overfull \hbox (10.83896pt too wide) in paragraph at lines 570--570
 \OT1/cmr/bx/n/12 IDEN- 
 []


Overfull \hbox (5.88472pt too wide) in paragraph at lines 570--570
 \OT1/cmr/bx/n/12 TITY| 
 []


Underfull \hbox (badness 10000) in paragraph at lines 565--580

 []


Overfull \hbox (29.56pt too wide) in paragraph at lines 565--580
[] 
 []


Overfull \hbox (5.24727pt too wide) in paragraph at lines 589--589
 []|\OT1/cmr/bx/n/12 TAMA[]NO| 
 []


Overfull \hbox (10.83896pt too wide) in paragraph at lines 589--589
 \OT1/cmr/bx/n/12 IDEN- 
 []


Overfull \hbox (5.88472pt too wide) in paragraph at lines 589--589
 \OT1/cmr/bx/n/12 TITY| 
 []


Underfull \hbox (badness 10000) in paragraph at lines 584--595

 []


Overfull \hbox (29.56pt too wide) in paragraph at lines 584--595
[] 
 []


Overfull \hbox (5.24727pt too wide) in paragraph at lines 604--604
 []|\OT1/cmr/bx/n/12 TAMA[]NO| 
 []


Overfull \hbox (10.83896pt too wide) in paragraph at lines 604--604
 \OT1/cmr/bx/n/12 IDEN- 
 []


Overfull \hbox (5.88472pt too wide) in paragraph at lines 604--604
 \OT1/cmr/bx/n/12 TITY| 
 []


Underfull \hbox (badness 10000) in paragraph at lines 599--608

 []


Overfull \hbox (29.56pt too wide) in paragraph at lines 599--608
[] 
 []


Overfull \hbox (5.24727pt too wide) in paragraph at lines 619--619
 []|\OT1/cmr/bx/n/12 TAMA[]NO| 
 []


Overfull \hbox (10.83896pt too wide) in paragraph at lines 619--619
 \OT1/cmr/bx/n/12 IDEN- 
 []


Overfull \hbox (5.88472pt too wide) in paragraph at lines 619--619
 \OT1/cmr/bx/n/12 TITY| 
 []


Underfull \hbox (badness 10000) in paragraph at lines 614--629

 []


Overfull \hbox (29.56pt too wide) in paragraph at lines 614--629
[] 
 []


Underfull \hbox (badness 10000) in paragraph at lines 630--633

 []


Overfull \hbox (5.24727pt too wide) in paragraph at lines 641--641
 []|\OT1/cmr/bx/n/12 TAMA[]NO| 
 []


Overfull \hbox (10.83896pt too wide) in paragraph at lines 641--641
 \OT1/cmr/bx/n/12 IDEN- 
 []


Overfull \hbox (5.88472pt too wide) in paragraph at lines 641--641
 \OT1/cmr/bx/n/12 TITY| 
 []


Overfull \hbox (31.97122pt too wide) in paragraph at lines 642--642
 []|\OT1/cmr/m/n/12 idClienteDispositivo| 
 []


Overfull \hbox (10.75616pt too wide) in paragraph at lines 644--644
 []|\OT1/cmr/m/n/12 SerieDispositivo| 
 []


Underfull \hbox (badness 10000) in paragraph at lines 636--646

 []


Overfull \hbox (29.56pt too wide) in paragraph at lines 636--646
[] 
 []


Underfull \hbox (badness 10000) in paragraph at lines 647--650

 []


Overfull \hbox (5.24727pt too wide) in paragraph at lines 658--658
 []|\OT1/cmr/bx/n/12 TAMA[]NO| 
 []


Overfull \hbox (10.83896pt too wide) in paragraph at lines 658--658
 \OT1/cmr/bx/n/12 IDEN- 
 []


Overfull \hbox (5.88472pt too wide) in paragraph at lines 658--658
 \OT1/cmr/bx/n/12 TITY| 
 []


Overfull \hbox (0.66878pt too wide) in paragraph at lines 663--663
 []|\OT1/cmr/m/n/12 RucProveedor| 
 []


Underfull \hbox (badness 10000) in paragraph at lines 653--667

 []


Overfull \hbox (29.56pt too wide) in paragraph at lines 653--667
[] 
 []


Underfull \hbox (badness 10000) in paragraph at lines 668--671

 []


Overfull \hbox (5.24727pt too wide) in paragraph at lines 679--679
 []|\OT1/cmr/bx/n/12 TAMA[]NO| 
 []


Overfull \hbox (10.83896pt too wide) in paragraph at lines 679--679
 \OT1/cmr/bx/n/12 IDEN- 
 []


Overfull \hbox (5.88472pt too wide) in paragraph at lines 679--679
 \OT1/cmr/bx/n/12 TITY| 
 []


Underfull \hbox (badness 10000) in paragraph at lines 674--690

 []


Overfull \hbox (29.56pt too wide) in paragraph at lines 674--690
[] 
 []


Underfull \hbox (badness 10000) in paragraph at lines 691--694

 []


Overfull \hbox (5.24727pt too wide) in paragraph at lines 702--702
 []|\OT1/cmr/bx/n/12 TAMA[]NO| 
 []


Overfull \hbox (10.83896pt too wide) in paragraph at lines 702--702
 \OT1/cmr/bx/n/12 IDEN- 
 []


Overfull \hbox (5.88472pt too wide) in paragraph at lines 702--702
 \OT1/cmr/bx/n/12 TITY| 
 []


Overfull \hbox (44.5697pt too wide) in paragraph at lines 703--703
 []|\OT1/cmr/m/n/12 idDetalleComprobante| 
 []


Underfull \hbox (badness 10000) in paragraph at lines 697--712

 []


Overfull \hbox (29.56pt too wide) in paragraph at lines 697--712
[] 
 []


Underfull \hbox (badness 10000) in paragraph at lines 713--717

 []


Overfull \hbox (5.24727pt too wide) in paragraph at lines 725--725
 []|\OT1/cmr/bx/n/12 TAMA[]NO| 
 []


Overfull \hbox (10.83896pt too wide) in paragraph at lines 725--725
 \OT1/cmr/bx/n/12 IDEN- 
 []


Overfull \hbox (5.88472pt too wide) in paragraph at lines 725--725
 \OT1/cmr/bx/n/12 TITY| 
 []


Overfull \hbox (44.5697pt too wide) in paragraph at lines 726--726
 []|\OT1/cmr/m/n/12 idDetalleComprobante| 
 []


Underfull \hbox (badness 10000) in paragraph at lines 720--735

 []


Overfull \hbox (29.56pt too wide) in paragraph at lines 720--735
[] 
 []


Underfull \hbox (badness 10000) in paragraph at lines 736--740

 []


Overfull \hbox (5.24727pt too wide) in paragraph at lines 748--748
 []|\OT1/cmr/bx/n/12 TAMA[]NO| 
 []


Overfull \hbox (10.83896pt too wide) in paragraph at lines 748--748
 \OT1/cmr/bx/n/12 IDEN- 
 []


Overfull \hbox (5.88472pt too wide) in paragraph at lines 748--748
 \OT1/cmr/bx/n/12 TITY| 
 []


Overfull \hbox (10.75616pt too wide) in paragraph at lines 749--749
 []|\OT1/cmr/m/n/12 SerieDispositivo| 
 []


Underfull \hbox (badness 10000) in paragraph at lines 743--753

 []


Overfull \hbox (29.56pt too wide) in paragraph at lines 743--753
[] 
 []


Underfull \hbox (badness 10000) in paragraph at lines 754--757

 []


Overfull \hbox (5.24727pt too wide) in paragraph at lines 765--765
 []|\OT1/cmr/bx/n/12 TAMA[]NO| 
 []


Overfull \hbox (10.83896pt too wide) in paragraph at lines 765--765
 \OT1/cmr/bx/n/12 IDEN- 
 []


Overfull \hbox (5.88472pt too wide) in paragraph at lines 765--765
 \OT1/cmr/bx/n/12 TITY| 
 []


Underfull \hbox (badness 10000) in paragraph at lines 760--776

 []


Overfull \hbox (29.56pt too wide) in paragraph at lines 760--776
[] 
 []


Underfull \hbox (badness 10000) in paragraph at lines 777--780

 []


Overfull \hbox (5.24727pt too wide) in paragraph at lines 788--788
 []|\OT1/cmr/bx/n/12 TAMA[]NO| 
 []


Overfull \hbox (10.83896pt too wide) in paragraph at lines 788--788
 \OT1/cmr/bx/n/12 IDEN- 
 []


Overfull \hbox (5.88472pt too wide) in paragraph at lines 788--788
 \OT1/cmr/bx/n/12 TITY| 
 []


Overfull \hbox (24.2249pt too wide) in paragraph at lines 793--793
 []|\OT1/cmr/m/n/12 Sistema[]Operativo| 
 []


Overfull \hbox (7.9973pt too wide) in paragraph at lines 795--795
 []|\OT1/cmr/m/n/12 Precio[]Unitario| 
 []


Underfull \hbox (badness 10000) in paragraph at lines 783--800

 []


Overfull \hbox (29.56pt too wide) in paragraph at lines 783--800
[] 
 []


Underfull \hbox (badness 10000) in paragraph at lines 801--803

 []


Overfull \hbox (5.24727pt too wide) in paragraph at lines 811--811
 []|\OT1/cmr/bx/n/12 TAMA[]NO| 
 []


Overfull \hbox (10.83896pt too wide) in paragraph at lines 811--811
 \OT1/cmr/bx/n/12 IDEN- 
 []


Overfull \hbox (5.88472pt too wide) in paragraph at lines 811--811
 \OT1/cmr/bx/n/12 TITY| 
 []


Underfull \hbox (badness 10000) in paragraph at lines 806--816

 []


Overfull \hbox (29.56pt too wide) in paragraph at lines 806--816
[] 
 []


Underfull \hbox (badness 10000) in paragraph at lines 817--819

 []


Overfull \hbox (5.24727pt too wide) in paragraph at lines 827--827
 []|\OT1/cmr/bx/n/12 TAMA[]NO| 
 []


Overfull \hbox (10.83896pt too wide) in paragraph at lines 827--827
 \OT1/cmr/bx/n/12 IDEN- 
 []


Overfull \hbox (5.88472pt too wide) in paragraph at lines 827--827
 \OT1/cmr/bx/n/12 TITY| 
 []


Overfull \hbox (29.56pt too wide) in paragraph at lines 822--832
[] 
 []


Underfull \hbox (badness 10000) in paragraph at lines 833--835

 []

[18 <./img/image16.png> <./img/image17.jpg>] [19] [20] [21] [22] [23] [24] [25] [26] [27] [28] [29] ("f:/UPT\VII CICLO\BASE DE DATOS II\I UNIDAD\PROYECTO\ProyectoFinalUnidad1\build\Proyecto.aux"
LaTeX Info: Redefining \. on input line 8.
LaTeX Info: Redefining \% on input line 8.
 ("f:/UPT\VII CICLO\BASE DE DATOS II\I UNIDAD\PROYECTO\ProyectoFinalUnidad1\build\Secciones/articulo.aux")) ) 
Here is how much of TeX's memory you used:
 3984 strings out of 480790
 56738 string characters out of 2907054
 424532 words of memory out of 3000000
 19915 multiletter control sequences out of 15000+200000
 538905 words of font info for 46 fonts, out of 3000000 for 9000
 1141 hyphenation exceptions out of 8191
 30i,10n,35p,1815b,361s stack positions out of 5000i,500n,10000p,200000b,50000s
 <C:\Users\chamo\AppData\Local\MiKTeX\fonts/pk/ljfour/jknappen/ec/dpi600\tcrm1200.pk><D:/Program Files/MiKTeX/fonts/type1/public/amsfonts/cm/cmbx12.pfb><D:/Program Files/MiKTeX/fonts/type1/public/amsfonts/cm/cmr12.pfb><D:/Program Files/MiKTeX/fonts/type1/public/amsfonts/cm/cmr17.pfb><D:/Program Files/MiKTeX/fonts/type1/public/amsfonts/cm/cmr8.pfb><D:/Program Files/MiKTeX/fonts/type1/public/amsfonts/cm/cmsy10.pfb><D:/Program Files/MiKTeX/fonts/type1/public/amsfonts/cm/cmti12.pfb><D:/Program Files/MiKTeX/fonts/type1/public/amsfonts/cm/cmti7.pfb>
Output written on "f:/UPT\VII CICLO\BASE DE DATOS II\I UNIDAD\PROYECTO\ProyectoFinalUnidad1\build\Proyecto.pdf" (30 pages, 2531374 bytes).
PDF statistics:
 154 PDF objects out of 1000 (max. 8388607)
 0 named destinations out of 1000 (max. 500000)
 91 words of extra memory for PDF output out of 10000 (max. 10000000)

